<?xml version="1.0" encoding="UTF-8"?>
<testsuite xmlns:xsi="http://www.w3.org/2001/XMLSchema-instance" xsi:noNamespaceSchemaLocation="https://maven.apache.org/surefire/maven-surefire-plugin/xsd/surefire-test-report-3.0.xsd" version="3.0" name="com.rspbank.departmentservice.DepartmentServiceApplicationTests" time="5.002" tests="1" errors="0" skipped="0" failures="0">
  <properties>
[...]
</properties>
  <testcase name="contextLoads" classname="com.rspbank.departmentservice.DepartmentServiceApplicationTests" time="0.523">
    <system-out><![CDATA[13:08:24.622 [main] INFO org.springframework.test.context.support.AnnotationConfigContextLoaderUtils -- Could not detect default configuration classes for test class [com.rspbank.departmentservice.DepartmentServiceApplicationTests]: DepartmentServiceApplicationTests does not declare any static, non-private, non-final, nested classes annotated with @Configuration.
13:08:24.724 [main] INFO org.springframework.boot.test.context.SpringBootTestContextBootstrapper -- Found @SpringBootConfiguration com.rspbank.departmentservice.DepartmentServiceApplication for test class com.rspbank.departmentservice.DepartmentServiceApplicationTests

  .   ____          _            __ _ _
 /\\ / ___'_ __ _ _(_)_ __  __ _ \ \ \ \
( ( )\___ | '_ | '_| | '_ \/ _` | \ \ \ \
 \\/  ___)| |_)| | | | | || (_| |  ) ) ) )
  '  |____| .__|_| |_|_| |_\__, | / / / /
 =========|_|==============|___/=/_/_/_/
 :: Spring Boot ::                (v3.1.0)

2023-06-12T13:08:25.318+01:00  INFO 17836 --- [           main] c.r.d.DepartmentServiceApplicationTests  : Starting DepartmentServiceApplicationTests using Java 20.0.1 with PID 17836 (started by moe.ko in C:\MJ WorkSpace\IntelliJ\department-service)
2023-06-12T13:08:25.319+01:00  INFO 17836 --- [           main] c.r.d.DepartmentServiceApplicationTests  : No active profile set, falling back to 1 default profile: "default"
2023-06-12T13:08:26.560+01:00  INFO 17836 --- [           main] o.s.cloud.context.scope.GenericScope     : BeanFactory id=68dcf3d7-fa84-3a82-ab23-7c07dd281351
2023-06-12T13:08:27.847+01:00  INFO 17836 --- [           main] DiscoveryClientOptionalArgsConfiguration : Eureka HTTP Client uses RestTemplate.
2023-06-12T13:08:27.917+01:00  WARN 17836 --- [           main] iguration$LoadBalancerCaffeineWarnLogger : Spring Cloud LoadBalancer is currently working with the default cache. While this cache implementation is useful for development and tests, it's recommended to use Caffeine cache in production.You can switch to using Caffeine cache, by adding it and org.springframework.cache.caffeine.CaffeineCacheManager to the classpath.
2023-06-12T13:08:27.937+01:00  INFO 17836 --- [           main] o.s.b.a.e.web.EndpointLinksResolver      : Exposing 1 endpoint(s) beneath base path '/actuator'
2023-06-12T13:08:28.010+01:00  INFO 17836 --- [           main] o.s.c.n.eureka.InstanceInfoFactory       : Setting initial instance status as: STARTING
2023-06-12T13:08:28.197+01:00  INFO 17836 --- [           main] com.netflix.discovery.DiscoveryClient    : Initializing Eureka in region us-east-1
2023-06-12T13:08:28.206+01:00  INFO 17836 --- [           main] c.n.d.s.r.aws.ConfigClusterResolver      : Resolving eureka endpoints via configuration
2023-06-12T13:08:28.256+01:00  INFO 17836 --- [           main] com.netflix.discovery.DiscoveryClient    : Disable delta property : false
2023-06-12T13:08:28.257+01:00  INFO 17836 --- [           main] com.netflix.discovery.DiscoveryClient    : Single vip registry refresh property : null
2023-06-12T13:08:28.257+01:00  INFO 17836 --- [           main] com.netflix.discovery.DiscoveryClient    : Force full registry fetch : false
2023-06-12T13:08:28.257+01:00  INFO 17836 --- [           main] com.netflix.discovery.DiscoveryClient    : Application is null : false
2023-06-12T13:08:28.257+01:00  INFO 17836 --- [           main] com.netflix.discovery.DiscoveryClient    : Registered Applications size is zero : true
2023-06-12T13:08:28.257+01:00  INFO 17836 --- [           main] com.netflix.discovery.DiscoveryClient    : Application version is -1: true
2023-06-12T13:08:28.257+01:00  INFO 17836 --- [           main] com.netflix.discovery.DiscoveryClient    : Getting all instance registry info from the eureka server
2023-06-12T13:08:28.826+01:00  INFO 17836 --- [           main] com.netflix.discovery.DiscoveryClient    : The response status is 200
2023-06-12T13:08:28.828+01:00  INFO 17836 --- [           main] com.netflix.discovery.DiscoveryClient    : Starting heartbeat executor: renew interval is: 30
2023-06-12T13:08:28.831+01:00  INFO 17836 --- [           main] c.n.discovery.InstanceInfoReplicator     : InstanceInfoReplicator onDemand update allowed rate per min is 4
2023-06-12T13:08:28.839+01:00  INFO 17836 --- [           main] com.netflix.discovery.DiscoveryClient    : Discovery Client initialized at timestamp 1686571708837 with initial instances count: 0
2023-06-12T13:08:28.842+01:00  INFO 17836 --- [           main] o.s.c.n.e.s.EurekaServiceRegistry        : Registering application UNKNOWN with eureka with status UP
2023-06-12T13:08:28.843+01:00  INFO 17836 --- [           main] com.netflix.discovery.DiscoveryClient    : Saw local status change event StatusChangeEvent [timestamp=1686571708843, current=UP, previous=STARTING]
2023-06-12T13:08:28.845+01:00  INFO 17836 --- [nfoReplicator-0] com.netflix.discovery.DiscoveryClient    : DiscoveryClient_UNKNOWN/ENGLON348823L.ad.infosys.com: registering service...
2023-06-12T13:08:28.872+01:00  INFO 17836 --- [           main] c.r.d.DepartmentServiceApplicationTests  : Started DepartmentServiceApplicationTests in 4.0 seconds (process running for 5.028)
2023-06-12T13:08:28.988+01:00  INFO 17836 --- [nfoReplicator-0] com.netflix.discovery.DiscoveryClient    : DiscoveryClient_UNKNOWN/ENGLON348823L.ad.infosys.com - registration status: 204
]]></system-out>
  </testcase>
</testsuite>